  IONOSPHERIC COMMUNICATIONS ANALYSIS AND PREDICTION PROGRAM
                     DVOACAP-PYTHON BASELINE
 
 
          1         2         3         4         5         6         7
 123456789012345678901234567890123456789012345678901234567890123456789012345
 
 BASELINE GENERATED: 2025-11-15 18:59:56
 NOTE: This is a DVOACAP-Python regression baseline, NOT true VOACAP reference
 
 LABEL     Singapore to Brazil (Equatorial Path)
 CIRCUIT      1.35N   103.82E -   23.55S    46.63W  S     0
 MONTH      1994 6.00
 SUNSPOT    100.
 
 
 6.0  9.6  7.0 14.0 21.0 28.0  FREQ
        -  F2F2 F2F2 F2F2 F2F2  MODE
        -     -    -    -    -  TANGLE
        -     -    -    -    -  DELAY
        -  0.00 0.00 0.00 0.00  V HITE
        -  0.00 0.00 0.00 0.00  MUFday
        -  0.00 0.00 0.00 0.00  LOSS
        -     -    -    -    -  DBU
        -  0.00 0.00 0.00 0.00  S DBW
        -     -    -    -    -  N DBW
        -  0.00 0.00 0.00 0.00  SNR
        -     -    -    -    -  RPWRG
        -  0.00 0.00 0.00 0.00  REL
        -     -    -    -    -  MPROB
        -     -    -    -    -  S PRB
        -     -    -    -    -  SIG LW
        -     -    -    -    -  SIG UP
        -     -    -    -    -  SNR LW
        -     -    -    -    -  SNR UP
       0.0 0.00 0.00 0.00 0.00  TGAIN
       0.0 0.00 0.00 0.00 0.00  RGAIN
        -  0.00 0.00 0.00 0.00  SNRxx
 
12.0 30.5  7.0 14.0 21.0 28.0  FREQ
        -  F2F2 F2F2 F2F2 F2F2  MODE
        -     -    -    -    -  TANGLE
        -     -    -    -    -  DELAY
        -  0.00 0.00 0.00 0.00  V HITE
        -  0.00 0.00 0.00 0.00  MUFday
        -  0.00 0.00 0.00 0.00  LOSS
        -     -    -    -    -  DBU
        -  0.00 0.00 0.00 0.00  S DBW
        -     -    -    -    -  N DBW
        -  0.00 0.00 0.00 0.00  SNR
        -     -    -    -    -  RPWRG
        -  0.00 0.00 0.00 0.00  REL
        -     -    -    -    -  MPROB
        -     -    -    -    -  S PRB
        -     -    -    -    -  SIG LW
        -     -    -    -    -  SIG UP
        -     -    -    -    -  SNR LW
        -     -    -    -    -  SNR UP
       0.0 0.00 0.00 0.00 0.00  TGAIN
       0.0 0.00 0.00 0.00 0.00  RGAIN
        -  0.00 0.00 0.00 0.00  SNRxx
 
18.0 18.8  7.0 14.0 21.0 28.0  FREQ
        -  F2F2 F2F2 F2F2 F2F2  MODE
        -     -    -    -    -  TANGLE
        -     -    -    -    -  DELAY
        -  0.00 0.00 0.00 0.00  V HITE
        -  0.00 0.00 0.00 0.00  MUFday
        -  0.00 0.00 0.00 0.00  LOSS
        -     -    -    -    -  DBU
        -  0.00 0.00 0.00 0.00  S DBW
        -     -    -    -    -  N DBW
        -  0.00 0.00 0.00 0.00  SNR
        -     -    -    -    -  RPWRG
        -  0.00 0.00 0.00 0.00  REL
        -     -    -    -    -  MPROB
        -     -    -    -    -  S PRB
        -     -    -    -    -  SIG LW
        -     -    -    -    -  SIG UP
        -     -    -    -    -  SNR LW
        -     -    -    -    -  SNR UP
       0.0 0.00 0.00 0.00 0.00  TGAIN
       0.0 0.00 0.00 0.00 0.00  RGAIN
        -  0.00 0.00 0.00 0.00  SNRxx
 
24.0 14.4  7.0 14.0 21.0 28.0  FREQ
        -  F2F2 F2F2 F2F2 F2F2  MODE
        -     -    -    -    -  TANGLE
        -     -    -    -    -  DELAY
        -  0.00 0.00 0.00 0.00  V HITE
        -  0.00 0.00 0.00 0.00  MUFday
        -  0.00 0.00 0.00 0.00  LOSS
        -     -    -    -    -  DBU
        -  0.00 0.00 0.00 0.00  S DBW
        -     -    -    -    -  N DBW
        -  0.00 0.00 0.00 0.00  SNR
        -     -    -    -    -  RPWRG
        -  0.00 0.00 0.00 0.00  REL
        -     -    -    -    -  MPROB
        -     -    -    -    -  S PRB
        -     -    -    -    -  SIG LW
        -     -    -    -    -  SIG UP
        -     -    -    -    -  SNR LW
        -     -    -    -    -  SNR UP
       0.0 0.00 0.00 0.00 0.00  TGAIN
       0.0 0.00 0.00 0.00 0.00  RGAIN
        -  0.00 0.00 0.00 0.00  SNRxx
