  IONOSPHERIC COMMUNICATIONS ANALYSIS AND PREDICTION PROGRAM
                     DVOACAP-PYTHON BASELINE
 
 
          1         2         3         4         5         6         7
 123456789012345678901234567890123456789012345678901234567890123456789012345
 
 BASELINE GENERATED: 2025-11-15 18:59:56
 NOTE: This is a DVOACAP-Python regression baseline, NOT true VOACAP reference
 
 LABEL     Philadelphia to London (Solar Minimum)
 CIRCUIT     39.95N    75.17W -   51.51N     0.13W  S     0
 MONTH      1994 6.00
 SUNSPOT    10.
 
 
 6.0 10.2  3.5  7.0 10.1 14.0  FREQ
        -  3F2 2F2 2F2 2F2  MODE
        -  18.4 5.26 6.98 8.74  TANGLE
        -     -    -    -    -  DELAY
        -   411  303  350 399.53924560546875  V HITE
        -  0.99 0.90 0.49 0.09  MUFday
        -   167  157  167  213  LOSS
        -     -    -    -    -  DBU
        -  -116 -107 -116 -163  S DBW
        -     -    -    -    -  N DBW
        -  30.2 47.7 43.0 0.68  SNR
        -     -    -    -    -  RPWRG
        -  0.00 0.00 0.05 0.00  REL
        -     -    -    -    -  MPROB
        -     -    -    -    -  S PRB
        -     -    -    -    -  SIG LW
        -     -    -    -    -  SIG UP
        -     -    -    -    -  SNR LW
        -     -    -    -    -  SNR UP
       0.0 0.00 0.00 0.00 0.00  TGAIN
       0.0 0.00 0.00 0.00 0.00  RGAIN
        -  30.2 47.7 43.0 0.68  SNRxx
 
12.0 16.8  3.5  7.0 10.1 14.0  FREQ
        -   3E  3E  3E 3F2  MODE
        -  0.98 1.41 1.69 17.0  TANGLE
        -     -    -    -    -  DELAY
        -  88.0 95.4  100 381.7339782714844  V HITE
        -  1.00 1.00 1.00 0.18  MUFday
        -   332  236  201  218  LOSS
        -     -    -    -    -  DBU
        -  -282 -186 -140 -166  S DBW
        -     -    -    -    -  N DBW
        -  -135 -30.7 19.1 -2.80  SNR
        -     -    -    -    -  RPWRG
        -  0.00 0.00 0.00 0.00  REL
        -     -    -    -    -  MPROB
        -     -    -    -    -  S PRB
        -     -    -    -    -  SIG LW
        -     -    -    -    -  SIG UP
        -     -    -    -    -  SNR LW
        -     -    -    -    -  SNR UP
       0.0 0.00 0.00 0.00 0.00  TGAIN
       0.0 0.00 0.00 0.00 0.00  RGAIN
        -  -135 -30.7 19.1 -2.80  SNRxx
 
18.0 15.7  3.5  7.0 10.1 14.0  FREQ
        -   3E  3E 3F2 2F2  MODE
        -  0.98 1.42 19.8 10.0  TANGLE
        -     -    -    -    -  DELAY
        -  88.0 95.5  441  436  V HITE
        -  1.00 1.00 0.89 0.80  MUFday
        -   337  238  180  170  LOSS
        -     -    -    -    -  DBU
        -  -287 -158 -130 -120  S DBW
        -     -    -    -    -  N DBW
        -  -140 -4.76 27.3 42.3  SNR
        -     -    -    -    -  RPWRG
        -  0.00 0.00 0.00 0.01  REL
        -     -    -    -    -  MPROB
        -     -    -    -    -  S PRB
        -     -    -    -    -  SIG LW
        -     -    -    -    -  SIG UP
        -     -    -    -    -  SNR LW
        -     -    -    -    -  SNR UP
       0.0 0.00 0.00 0.00 0.00  TGAIN
       0.0 0.00 0.00 0.00 0.00  RGAIN
        -  -140 -4.76 27.3 42.3  SNRxx
 
24.0 15.4  3.5  7.0 10.1 14.0  FREQ
        -  3F2 2F2 2F2 2F2  MODE
        -  16.9 3.90 3.60 4.53  TANGLE
        -     -    -    -    -  DELAY
        -   380  266  257  283  V HITE
        -  1.00 0.99 0.93 0.63  MUFday
        -   168  159  158  165  LOSS
        -     -    -    -    -  DBU
        -  -118 -108 -107 -115  S DBW
        -     -    -    -    -  N DBW
        -  27.3 45.6 51.4 48.5  SNR
        -     -    -    -    -  RPWRG
        -  0.00 0.00 0.03 0.06  REL
        -     -    -    -    -  MPROB
        -     -    -    -    -  S PRB
        -     -    -    -    -  SIG LW
        -     -    -    -    -  SIG UP
        -     -    -    -    -  SNR LW
        -     -    -    -    -  SNR UP
       0.0 0.00 0.00 0.00 0.00  TGAIN
       0.0 0.00 0.00 0.00 0.00  RGAIN
        -  27.3 45.6 51.4 48.5  SNRxx
