  IONOSPHERIC COMMUNICATIONS ANALYSIS AND PREDICTION PROGRAM
                     DVOACAP-PYTHON BASELINE
 
 
          1         2         3         4         5         6         7
 123456789012345678901234567890123456789012345678901234567890123456789012345
 
 BASELINE GENERATED: 2025-11-15 18:59:55
 NOTE: This is a DVOACAP-Python regression baseline, NOT true VOACAP reference
 
 LABEL     Philadelphia to London (Medium Transatlantic)
 CIRCUIT     39.95N    75.17W -   51.51N     0.13W  S     0
 MONTH      1994 6.00
 SUNSPOT    100.
 
 
 6.0 13.1  7.0 10.1 14.0 18.1 21.0 24.9 28.0  FREQ
        -  2F2 2F2 2F2 2F2 2F2 2F2 2F2  MODE
        -  7.99 6.48 11.0 11.0 11.0 11.0 11.0  TANGLE
        -     -    -    -    -    -    -    -  DELAY
        -   378  336 464.24322509765625 464.24322509765625 464.24322509765625 464.24322509765625 464.24322509765625  V HITE
        -  0.97 0.81 0.32 0.02 0.00 0.00 0.00  MUFday
        -   161  160  180  240  309  418  461  LOSS
        -     -    -    -    -    -    -    -  DBU
        -  -110 -110 -130 -190 -259 -368 -411  S DBW
        -     -    -    -    -    -    -    -  N DBW
        -  44.1 49.2 33.8 -23.5 -90.9 -198 -239  SNR
        -     -    -    -    -    -    -    -  RPWRG
        -  0.00 0.02 0.02 0.00 0.00 0.00 0.00  REL
        -     -    -    -    -    -    -    -  MPROB
        -     -    -    -    -    -    -    -  S PRB
        -     -    -    -    -    -    -    -  SIG LW
        -     -    -    -    -    -    -    -  SIG UP
        -     -    -    -    -    -    -    -  SNR LW
        -     -    -    -    -    -    -    -  SNR UP
       0.0 0.00 0.00 0.00 0.00 0.00 0.00 0.00  TGAIN
       0.0 0.00 0.00 0.00 0.00 0.00 0.00 0.00  RGAIN
        -  44.1 49.2 33.8 -23.5 -90.9 -198 -239  SNRxx
 
12.0 17.4  7.0 10.1 14.0 18.1 21.0 24.9 28.0  FREQ
        -   3E  3E 3F1 2F2 2F2 2F2 2F2  MODE
        -  1.30 1.57 9.92 11.2 11.2 11.2 11.2  TANGLE
        -     -    -    -    -    -    -    -  DELAY
        -  93.6 98.2  245 469.5251770019531 469.5251770019531 469.5251770019531 469.5251770019531  V HITE
        -  1.00 1.00 0.16 0.24 0.01 0.00 0.00  MUFday
        -   285  229  197  191  255  404  484  LOSS
        -     -    -    -    -    -    -    -  DBU
        -  -235 -148 -145 -140 -205 -354 -434  S DBW
        -     -    -    -    -    -    -    -  N DBW
        -  -79.8 11.5 18.2 26.5 -36.3 -183 -262  SNR
        -     -    -    -    -    -    -    -  RPWRG
        -  0.00 0.00 0.00 0.01 0.00 0.00 0.00  REL
        -     -    -    -    -    -    -    -  MPROB
        -     -    -    -    -    -    -    -  S PRB
        -     -    -    -    -    -    -    -  SIG LW
        -     -    -    -    -    -    -    -  SIG UP
        -     -    -    -    -    -    -    -  SNR LW
        -     -    -    -    -    -    -    -  SNR UP
       0.0 0.00 0.00 0.00 0.00 0.00 0.00 0.00  TGAIN
       0.0 0.00 0.00 0.00 0.00 0.00 0.00 0.00  RGAIN
        -  -79.8 11.5 18.2 26.5 -36.3 -183 -262  SNRxx
 
18.0 17.8  7.0 10.1 14.0 18.1 21.0 24.9 28.0  FREQ
        -   3E  3E 3F2 2F2 2F2 2F2 2F2  MODE
        -  1.31 1.58 21.5 11.3 11.3 11.3 11.3  TANGLE
        -     -    -    -    -    -    -    -  DELAY
        -  93.7 98.4 476.4053955078125 473.34356689453125 473.34356689453125 473.34356689453125 473.34356689453125  V HITE
        -  1.00 1.00 0.24 0.33 0.03 0.00 0.00  MUFday
        -   284  229  203  186  234  356  470  LOSS
        -     -    -    -    -    -    -    -  DBU
        -  -234 -148 -151 -136 -184 -306 -420  S DBW
        -     -    -    -    -    -    -    -  N DBW
        -  -80.8 9.70 11.1 30.4 -15.8 -135 -248  SNR
        -     -    -    -    -    -    -    -  RPWRG
        -  0.00 0.00 0.00 0.02 0.00 0.00 0.00  REL
        -     -    -    -    -    -    -    -  MPROB
        -     -    -    -    -    -    -    -  S PRB
        -     -    -    -    -    -    -    -  SIG LW
        -     -    -    -    -    -    -    -  SIG UP
        -     -    -    -    -    -    -    -  SNR LW
        -     -    -    -    -    -    -    -  SNR UP
       0.0 0.00 0.00 0.00 0.00 0.00 0.00 0.00  TGAIN
       0.0 0.00 0.00 0.00 0.00 0.00 0.00 0.00  RGAIN
        -  -80.8 9.70 11.1 30.4 -15.8 -135 -248  SNRxx
 
24.0 17.4  7.0 10.1 14.0 18.1 21.0 24.9 28.0  FREQ
        -  2F2 2F2 2F2 2F2 2F2 2F2 2F2  MODE
        -  5.54 4.79 5.37 10.4 10.4 10.4 10.4  TANGLE
        -     -    -    -    -    -    -    -  DELAY
        -   310  290  305 446.8615417480469 446.8615417480469 446.8615417480469 446.8615417480469  V HITE
        -  1.00 0.99 0.83 0.34 0.07 0.00 0.00  MUFday
        -   161  159  159  181  216  295  373  LOSS
        -     -    -    -    -    -    -    -  DBU
        -  -109 -107 -109 -131 -166 -245 -323  S DBW
        -     -    -    -    -    -    -    -  N DBW
        -  43.8 51.4 54.0 35.2 2.63 -74.2 -151  SNR
        -     -    -    -    -    -    -    -  RPWRG
        -  0.00 0.02 0.06 0.03 0.00 0.00 0.00  REL
        -     -    -    -    -    -    -    -  MPROB
        -     -    -    -    -    -    -    -  S PRB
        -     -    -    -    -    -    -    -  SIG LW
        -     -    -    -    -    -    -    -  SIG UP
        -     -    -    -    -    -    -    -  SNR LW
        -     -    -    -    -    -    -    -  SNR UP
       0.0 0.00 0.00 0.00 0.00 0.00 0.00 0.00  TGAIN
       0.0 0.00 0.00 0.00 0.00 0.00 0.00 0.00  RGAIN
        -  43.8 51.4 54.0 35.2 2.63 -74.2 -151  SNRxx
