  IONOSPHERIC COMMUNICATIONS ANALYSIS AND PREDICTION PROGRAM
                     DVOACAP-PYTHON BASELINE
 
 
          1         2         3         4         5         6         7
 123456789012345678901234567890123456789012345678901234567890123456789012345
 
 BASELINE GENERATED: 2025-11-15 18:59:55
 NOTE: This is a DVOACAP-Python regression baseline, NOT true VOACAP reference
 
 LABEL     Philadelphia to Boston (Short Path)
 CIRCUIT     39.95N    75.17W -   42.36N    71.06W  S     0
 MONTH      1994 3.00
 SUNSPOT    100.
 
 
 6.0  5.7  3.5  7.0 14.0 21.0 28.0  FREQ
        -  1F2 1F2 1F2 1F2 1F2  MODE
        -  53.6 61.3 61.3 61.3 61.3  TANGLE
        -     -    -    -    -    -  DELAY
        -   314 428.7301940917969 428.7301940917969 428.7301940917969 428.7301940917969  V HITE
        -  0.99 0.04 0.00 0.00 0.00  MUFday
        -   109  130  190  193  196  LOSS
        -     -    -    -    -    -  DBU
        -  -59.2 -80.2 -140 -143 -146  S DBW
        -     -    -    -    -    -  N DBW
        -  81.9 71.2 23.4 25.1 26.2  SNR
        -     -    -    -    -    -  RPWRG
        -  0.74 0.45 0.00 0.00 0.00  REL
        -     -    -    -    -    -  MPROB
        -     -    -    -    -    -  S PRB
        -     -    -    -    -    -  SIG LW
        -     -    -    -    -    -  SIG UP
        -     -    -    -    -    -  SNR LW
        -     -    -    -    -    -  SNR UP
       0.0 0.00 0.00 0.00 0.00 0.00  TGAIN
       0.0 0.00 0.00 0.00 0.00 0.00  RGAIN
        -  81.9 71.2 23.4 25.1 26.2  SNRxx
 
12.0  7.3  3.5  7.0 14.0 21.0 28.0  FREQ
        -  1F2 1F2 1F2 1F2 1F2  MODE
        -  50.1 54.2 57.5 57.5 57.5  TANGLE
        -     -    -    -    -    -  DELAY
        -   275  321 365.10308837890625 365.10308837890625 365.10308837890625  V HITE
        -  1.00 0.62 0.00 0.00 0.00  MUFday
        -   115  119  194  197  199  LOSS
        -     -    -    -    -    -  DBU
        -  -63.3 -69.4 -144 -147 -149  S DBW
        -     -    -    -    -    -  N DBW
        -  83.3 84.9 19.3 21.4 22.6  SNR
        -     -    -    -    -    -  RPWRG
        -  0.75 0.74 0.00 0.00 0.00  REL
        -     -    -    -    -    -  MPROB
        -     -    -    -    -    -  S PRB
        -     -    -    -    -    -  SIG LW
        -     -    -    -    -    -  SIG UP
        -     -    -    -    -    -  SNR LW
        -     -    -    -    -    -  SNR UP
       0.0 0.00 0.00 0.00 0.00 0.00  TGAIN
       0.0 0.00 0.00 0.00 0.00 0.00  RGAIN
        -  83.3 84.9 19.3 21.4 22.6  SNRxx
 
18.0 10.5  3.5  7.0 14.0 21.0 28.0  FREQ
        -   1E 1F2 1F2 1F2 1F2  MODE
        -  22.4 53.6 60.4 60.4 60.4  TANGLE
        -     -    -    -    -    -  DELAY
        -  94.9  314 412.6202087402344 412.6202087402344 412.6202087402344  V HITE
        -  1.00 1.00 0.00 0.00 0.00  MUFday
        -   169  132  167  202  203  LOSS
        -     -    -    -    -    -  DBU
        -  -119 -81.2 -117 -151 -152  S DBW
        -     -    -    -    -    -  N DBW
        -  27.6 73.8 45.3 17.5 19.3  SNR
        -     -    -    -    -    -  RPWRG
        -  0.00 0.53 0.08 0.00 0.00  REL
        -     -    -    -    -    -  MPROB
        -     -    -    -    -    -  S PRB
        -     -    -    -    -    -  SIG LW
        -     -    -    -    -    -  SIG UP
        -     -    -    -    -    -  SNR LW
        -     -    -    -    -    -  SNR UP
       0.0 0.00 0.00 0.00 0.00 0.00  TGAIN
       0.0 0.00 0.00 0.00 0.00 0.00  RGAIN
        -  27.6 73.8 45.3 17.5 19.3  SNRxx
 
24.0  8.7  3.5  7.0 14.0 21.0 28.0  FREQ
        -  1F2 1F2 1F2 1F2 1F2  MODE
        -  48.7 51.8 58.6 58.6 58.6  TANGLE
        -     -    -    -    -    -  DELAY
        -   263  293 383.1523742675781 383.1523742675781 383.1523742675781  V HITE
        -  1.00 0.88 0.00 0.00 0.00  MUFday
        -   111  116  160  196  199  LOSS
        -     -    -    -    -    -  DBU
        -  -60.7 -66.0 -110 -146 -149  S DBW
        -     -    -    -    -    -  N DBW
        -  85.1 86.9 52.1 22.1 23.2  SNR
        -     -    -    -    -    -  RPWRG
        -  0.81 0.83 0.12 0.00 0.00  REL
        -     -    -    -    -    -  MPROB
        -     -    -    -    -    -  S PRB
        -     -    -    -    -    -  SIG LW
        -     -    -    -    -    -  SIG UP
        -     -    -    -    -    -  SNR LW
        -     -    -    -    -    -  SNR UP
       0.0 0.00 0.00 0.00 0.00 0.00  TGAIN
       0.0 0.00 0.00 0.00 0.00 0.00  RGAIN
        -  85.1 86.9 52.1 22.1 23.2  SNRxx
